<?xml version="1.0" encoding="UTF-8"?>
<robot generator="Robot 7.1 (Python 3.10.11 on darwin)" generated="2024-10-04T16:28:29.580728" rpa="false" schemaversion="5">
<suite id="s1" name="DemoRobotFramework" source="/Users/hongtuan/Desktop/PythonProjects/DemoRobotFramework">
<suite id="s1-s1" name="TestCase" source="/Users/hongtuan/Desktop/PythonProjects/DemoRobotFramework/TestCase">
<suite id="s1-s1-s1" name="AppTestCase" source="/Users/hongtuan/Desktop/PythonProjects/DemoRobotFramework/TestCase/AppTestCase.robot">
<test id="s1-s1-s1-t1" name="Test Case IOS 1" line="23">
<kw name="RunApplication" owner="CommonKeyword">
<kw name="Run Keyword If" owner="BuiltIn">
<arg>'${platform}' == 'android'</arg>
<arg>Open Android Application</arg>
<doc>Runs the given keyword with the given arguments, if ``condition`` is true.</doc>
<status status="PASS" start="2024-10-04T16:28:30.350909" elapsed="0.000207"/>
</kw>
<kw name="Run Keyword If" owner="BuiltIn">
<kw name="Open IOS Application" owner="CommonKeyword">
<kw name="Open Application" owner="AppiumLibrary">
<arg>${APPIUM_SERVER}</arg>
<arg>platformName=iOS</arg>
<arg>deviceName=${IOS_DEVICE_NAME}</arg>
<arg>platformVersion=${IOS_PLATFORM_VERSION}</arg>
<arg>udid=${IOS_UDID}</arg>
<arg>bundleId=${IOS_APP_BUNDLE_ID}</arg>
<arg>automationName=${IOS_AUTOMATION_NAME}</arg>
<doc>Opens a new application to given Appium server.
Capabilities of appium server, Android and iOS,
Please check https://appium.io/docs/en/2.1/cli/args/
| *Option*            | *Man.* | *Description*     |
| remote_url          | Yes    | Appium server url |
| alias               | no     | alias             |
| strict_ssl          | No     | allows you to send commands to an invalid certificate host like a self-signed one. |</doc>
<status status="PASS" start="2024-10-04T16:28:30.351661" elapsed="16.266144"/>
</kw>
<status status="PASS" start="2024-10-04T16:28:30.351479" elapsed="16.268066"/>
</kw>
<arg>'${platform}' == 'ios'</arg>
<arg>Open IOS Application</arg>
<doc>Runs the given keyword with the given arguments, if ``condition`` is true.</doc>
<status status="PASS" start="2024-10-04T16:28:30.351242" elapsed="16.268425"/>
</kw>
<arg>ios</arg>
<status status="PASS" start="2024-10-04T16:28:30.350278" elapsed="16.269501"/>
</kw>
<kw name="Open Counter Screen" owner="HomePage">
<kw name="Run Keyword If" owner="BuiltIn">
<arg>'${platform}' == 'android'</arg>
<arg>Click Element</arg>
<arg>${OPEN_COUNTER_SCREEN_BUTTON_ANDROID}</arg>
<doc>Runs the given keyword with the given arguments, if ``condition`` is true.</doc>
<status status="PASS" start="2024-10-04T16:28:46.621864" elapsed="0.002069"/>
</kw>
<kw name="Run Keyword If" owner="BuiltIn">
<kw name="Click Element" owner="AppiumLibrary">
<msg time="2024-10-04T16:28:46.628198" level="INFO">Clicking element 'xpath=//XCUIElementTypeButton[@name="Go to Counter Screen"]'.</msg>
<msg time="2024-10-04T16:28:53.098012" level="INFO">xpath criteria: //XCUIElementTypeButton[@name="Go to Counter Screen"]</msg>
<arg>${OPEN_COUNTER_SCREEN_BUTTON_IOS}</arg>
<doc>Click element identified by `locator`.</doc>
<status status="PASS" start="2024-10-04T16:28:46.625086" elapsed="6.475152"/>
</kw>
<arg>'${platform}' == 'ios'</arg>
<arg>Click Element</arg>
<arg>${OPEN_COUNTER_SCREEN_BUTTON_IOS}</arg>
<doc>Runs the given keyword with the given arguments, if ``condition`` is true.</doc>
<status status="PASS" start="2024-10-04T16:28:46.624149" elapsed="6.477365"/>
</kw>
<arg>ios</arg>
<status status="PASS" start="2024-10-04T16:28:46.620705" elapsed="6.481258"/>
</kw>
<kw name="Increment Counter Value Test Case" owner="CounterPage">
<kw name="Get Counter Value" owner="CounterPage">
<kw name="Run Keyword If" owner="BuiltIn">
<kw name="Get Text" owner="AppiumLibrary">
<msg time="2024-10-04T16:28:55.042659" level="INFO">Element 'xpath=//XCUIElementTypeStaticText[contains(@value, 'You have pushed the button this many times:')]/following-sibling::XCUIElementTypeStaticText[1]' text is '0' </msg>
<msg time="2024-10-04T16:28:55.045288" level="INFO">xpath criteria: //XCUIElementTypeStaticText[contains(@value, 'You have pushed the button this many times:')]/following-sibling::XCUIElementTypeStaticText[1]</msg>
<arg>${COUNTER_LABEL_IOS}</arg>
<doc>Get element text (for hybrid and mobile browser use `xpath` locator, others might cause problem)</doc>
<status status="PASS" start="2024-10-04T16:28:53.107254" elapsed="1.938688"/>
</kw>
<msg time="2024-10-04T16:28:55.047598" level="INFO">${counter_value} = 0</msg>
<var>${counter_value}</var>
<arg>'${platform}' == 'android'</arg>
<arg>Get Text</arg>
<arg>${COUNTER_LABEL_ANDROID}</arg>
<arg>ELSE IF</arg>
<arg>'${platform}' == 'ios'</arg>
<arg>Get Text</arg>
<arg>${COUNTER_LABEL_IOS}</arg>
<doc>Runs the given keyword with the given arguments, if ``condition`` is true.</doc>
<status status="PASS" start="2024-10-04T16:28:53.104441" elapsed="1.943319"/>
</kw>
<return>
<value>${counter_value}</value>
<status status="PASS" start="2024-10-04T16:28:55.047993" elapsed="0.000437"/>
</return>
<msg time="2024-10-04T16:28:55.048636" level="INFO">${counter_value} = 0</msg>
<var>${counter_value}</var>
<arg>${platform}</arg>
<status status="PASS" start="2024-10-04T16:28:53.103895" elapsed="1.944805"/>
</kw>
<kw name="Convert To Integer" owner="BuiltIn">
<msg time="2024-10-04T16:28:55.049558" level="INFO">${int_counter_value} = 0</msg>
<var>${int_counter_value}</var>
<arg>${counter_value}</arg>
<doc>Converts the given item to an integer number.</doc>
<status status="PASS" start="2024-10-04T16:28:55.049017" elapsed="0.000606"/>
</kw>
<kw name="Log" owner="BuiltIn">
<msg time="2024-10-04T16:28:55.050905" level="WARN">hello 0</msg>
<arg>hello ${counter_value}</arg>
<arg>level=WARN</arg>
<arg>console=${True}</arg>
<doc>Logs the given message with the given level.</doc>
<status status="PASS" start="2024-10-04T16:28:55.049749" elapsed="0.001487"/>
</kw>
<while condition="${int_counter_value} &lt; ${counter_value_compare}">
<iter>
<kw name="Increment Counter" owner="CounterPage">
<kw name="Run Keyword If" owner="BuiltIn">
<arg>'${platform}' == 'android'</arg>
<arg>Click Element</arg>
<arg>${COUNTER_INCREMENT_ANDROID}</arg>
<doc>Runs the given keyword with the given arguments, if ``condition`` is true.</doc>
<status status="PASS" start="2024-10-04T16:28:55.052969" elapsed="0.000889"/>
</kw>
<kw name="Run Keyword If" owner="BuiltIn">
<kw name="Click Element" owner="AppiumLibrary">
<msg time="2024-10-04T16:28:55.060570" level="INFO">Clicking element 'xpath=//XCUIElementTypeButton[@name='Increment Counter']'.</msg>
<msg time="2024-10-04T16:28:55.626394" level="INFO">xpath criteria: //XCUIElementTypeButton[@name='Increment Counter']</msg>
<arg>${COUNTER_INCREMENT_IOS}</arg>
<doc>Click element identified by `locator`.</doc>
<status status="PASS" start="2024-10-04T16:28:55.056961" elapsed="0.569630"/>
</kw>
<arg>'${platform}' == 'ios'</arg>
<arg>Click Element</arg>
<arg>${COUNTER_INCREMENT_IOS}</arg>
<doc>Runs the given keyword with the given arguments, if ``condition`` is true.</doc>
<status status="PASS" start="2024-10-04T16:28:55.054726" elapsed="0.572015"/>
</kw>
<arg>${platform}</arg>
<status status="PASS" start="2024-10-04T16:28:55.051884" elapsed="0.574950"/>
</kw>
<kw name="Sleep" owner="BuiltIn">
<msg time="2024-10-04T16:28:57.633559" level="INFO">Slept 2 seconds.</msg>
<arg>2s</arg>
<doc>Pauses the test executed for the given time.</doc>
<status status="PASS" start="2024-10-04T16:28:55.627559" elapsed="2.008764"/>
</kw>
<kw name="Get Counter Value" owner="CounterPage">
<kw name="Run Keyword If" owner="BuiltIn">
<kw name="Get Text" owner="AppiumLibrary">
<msg time="2024-10-04T16:28:57.810045" level="INFO">Element 'xpath=//XCUIElementTypeStaticText[contains(@value, 'You have pushed the button this many times:')]/following-sibling::XCUIElementTypeStaticText[1]' text is '1' </msg>
<msg time="2024-10-04T16:28:57.810435" level="INFO">xpath criteria: //XCUIElementTypeStaticText[contains(@value, 'You have pushed the button this many times:')]/following-sibling::XCUIElementTypeStaticText[1]</msg>
<arg>${COUNTER_LABEL_IOS}</arg>
<doc>Get element text (for hybrid and mobile browser use `xpath` locator, others might cause problem)</doc>
<status status="PASS" start="2024-10-04T16:28:57.640447" elapsed="0.170170"/>
</kw>
<msg time="2024-10-04T16:28:57.811231" level="INFO">${counter_value} = 1</msg>
<var>${counter_value}</var>
<arg>'${platform}' == 'android'</arg>
<arg>Get Text</arg>
<arg>${COUNTER_LABEL_ANDROID}</arg>
<arg>ELSE IF</arg>
<arg>'${platform}' == 'ios'</arg>
<arg>Get Text</arg>
<arg>${COUNTER_LABEL_IOS}</arg>
<doc>Runs the given keyword with the given arguments, if ``condition`` is true.</doc>
<status status="PASS" start="2024-10-04T16:28:57.639465" elapsed="0.171940"/>
</kw>
<return>
<value>${counter_value}</value>
<status status="PASS" start="2024-10-04T16:28:57.811654" elapsed="0.000260"/>
</return>
<msg time="2024-10-04T16:28:57.812230" level="INFO">${counter_value} = 1</msg>
<var>${counter_value}</var>
<arg>${platform}</arg>
<status status="PASS" start="2024-10-04T16:28:57.637962" elapsed="0.175418"/>
</kw>
<kw name="Convert To Integer" owner="BuiltIn">
<msg time="2024-10-04T16:28:57.814671" level="INFO">${int_counter_value} = 1</msg>
<var>${int_counter_value}</var>
<arg>${counter_value}</arg>
<doc>Converts the given item to an integer number.</doc>
<status status="PASS" start="2024-10-04T16:28:57.813842" elapsed="0.001103"/>
</kw>
<status status="PASS" start="2024-10-04T16:28:55.051372" elapsed="2.763848"/>
</iter>
<iter>
<kw name="Increment Counter" owner="CounterPage">
<kw name="Run Keyword If" owner="BuiltIn">
<arg>'${platform}' == 'android'</arg>
<arg>Click Element</arg>
<arg>${COUNTER_INCREMENT_ANDROID}</arg>
<doc>Runs the given keyword with the given arguments, if ``condition`` is true.</doc>
<status status="PASS" start="2024-10-04T16:28:57.820783" elapsed="0.000946"/>
</kw>
<kw name="Run Keyword If" owner="BuiltIn">
<kw name="Click Element" owner="AppiumLibrary">
<msg time="2024-10-04T16:28:57.826681" level="INFO">Clicking element 'xpath=//XCUIElementTypeButton[@name='Increment Counter']'.</msg>
<msg time="2024-10-04T16:28:58.341454" level="INFO">xpath criteria: //XCUIElementTypeButton[@name='Increment Counter']</msg>
<arg>${COUNTER_INCREMENT_IOS}</arg>
<doc>Click element identified by `locator`.</doc>
<status status="PASS" start="2024-10-04T16:28:57.822904" elapsed="0.518893"/>
</kw>
<arg>'${platform}' == 'ios'</arg>
<arg>Click Element</arg>
<arg>${COUNTER_INCREMENT_IOS}</arg>
<doc>Runs the given keyword with the given arguments, if ``condition`` is true.</doc>
<status status="PASS" start="2024-10-04T16:28:57.822124" elapsed="0.519988"/>
</kw>
<arg>${platform}</arg>
<status status="PASS" start="2024-10-04T16:28:57.819222" elapsed="0.523094"/>
</kw>
<kw name="Sleep" owner="BuiltIn">
<msg time="2024-10-04T16:29:00.345545" level="INFO">Slept 2 seconds.</msg>
<arg>2s</arg>
<doc>Pauses the test executed for the given time.</doc>
<status status="PASS" start="2024-10-04T16:28:58.342604" elapsed="2.004725"/>
</kw>
<kw name="Get Counter Value" owner="CounterPage">
<kw name="Run Keyword If" owner="BuiltIn">
<kw name="Get Text" owner="AppiumLibrary">
<msg time="2024-10-04T16:29:00.540033" level="INFO">Element 'xpath=//XCUIElementTypeStaticText[contains(@value, 'You have pushed the button this many times:')]/following-sibling::XCUIElementTypeStaticText[1]' text is '2' </msg>
<msg time="2024-10-04T16:29:00.540495" level="INFO">xpath criteria: //XCUIElementTypeStaticText[contains(@value, 'You have pushed the button this many times:')]/following-sibling::XCUIElementTypeStaticText[1]</msg>
<arg>${COUNTER_LABEL_IOS}</arg>
<doc>Get element text (for hybrid and mobile browser use `xpath` locator, others might cause problem)</doc>
<status status="PASS" start="2024-10-04T16:29:00.351213" elapsed="0.189477"/>
</kw>
<msg time="2024-10-04T16:29:00.541150" level="INFO">${counter_value} = 2</msg>
<var>${counter_value}</var>
<arg>'${platform}' == 'android'</arg>
<arg>Get Text</arg>
<arg>${COUNTER_LABEL_ANDROID}</arg>
<arg>ELSE IF</arg>
<arg>'${platform}' == 'ios'</arg>
<arg>Get Text</arg>
<arg>${COUNTER_LABEL_IOS}</arg>
<doc>Runs the given keyword with the given arguments, if ``condition`` is true.</doc>
<status status="PASS" start="2024-10-04T16:29:00.350778" elapsed="0.190465"/>
</kw>
<return>
<value>${counter_value}</value>
<status status="PASS" start="2024-10-04T16:29:00.541350" elapsed="0.000371"/>
</return>
<msg time="2024-10-04T16:29:00.542101" level="INFO">${counter_value} = 2</msg>
<var>${counter_value}</var>
<arg>${platform}</arg>
<status status="PASS" start="2024-10-04T16:29:00.348491" elapsed="0.193779"/>
</kw>
<kw name="Convert To Integer" owner="BuiltIn">
<msg time="2024-10-04T16:29:00.543381" level="INFO">${int_counter_value} = 2</msg>
<var>${int_counter_value}</var>
<arg>${counter_value}</arg>
<doc>Converts the given item to an integer number.</doc>
<status status="PASS" start="2024-10-04T16:29:00.542638" elapsed="0.000860"/>
</kw>
<status status="PASS" start="2024-10-04T16:28:57.817931" elapsed="2.725667"/>
</iter>
<iter>
<kw name="Increment Counter" owner="CounterPage">
<kw name="Run Keyword If" owner="BuiltIn">
<arg>'${platform}' == 'android'</arg>
<arg>Click Element</arg>
<arg>${COUNTER_INCREMENT_ANDROID}</arg>
<doc>Runs the given keyword with the given arguments, if ``condition`` is true.</doc>
<status status="PASS" start="2024-10-04T16:29:00.544261" elapsed="0.000317"/>
</kw>
<kw name="Run Keyword If" owner="BuiltIn">
<kw name="Click Element" owner="AppiumLibrary">
<msg time="2024-10-04T16:29:00.546546" level="INFO">Clicking element 'xpath=//XCUIElementTypeButton[@name='Increment Counter']'.</msg>
<msg time="2024-10-04T16:29:01.258633" level="INFO">xpath criteria: //XCUIElementTypeButton[@name='Increment Counter']</msg>
<arg>${COUNTER_INCREMENT_IOS}</arg>
<doc>Click element identified by `locator`.</doc>
<status status="PASS" start="2024-10-04T16:29:00.544892" elapsed="0.713898"/>
</kw>
<arg>'${platform}' == 'ios'</arg>
<arg>Click Element</arg>
<arg>${COUNTER_INCREMENT_IOS}</arg>
<doc>Runs the given keyword with the given arguments, if ``condition`` is true.</doc>
<status status="PASS" start="2024-10-04T16:29:00.544694" elapsed="0.714264"/>
</kw>
<arg>${platform}</arg>
<status status="PASS" start="2024-10-04T16:29:00.543943" elapsed="0.715127"/>
</kw>
<kw name="Sleep" owner="BuiltIn">
<msg time="2024-10-04T16:29:03.261794" level="INFO">Slept 2 seconds.</msg>
<arg>2s</arg>
<doc>Pauses the test executed for the given time.</doc>
<status status="PASS" start="2024-10-04T16:29:01.259200" elapsed="2.006475"/>
</kw>
<kw name="Get Counter Value" owner="CounterPage">
<kw name="Run Keyword If" owner="BuiltIn">
<kw name="Get Text" owner="AppiumLibrary">
<msg time="2024-10-04T16:29:03.543844" level="INFO">Element 'xpath=//XCUIElementTypeStaticText[contains(@value, 'You have pushed the button this many times:')]/following-sibling::XCUIElementTypeStaticText[1]' text is '3' </msg>
<msg time="2024-10-04T16:29:03.544050" level="INFO">xpath criteria: //XCUIElementTypeStaticText[contains(@value, 'You have pushed the button this many times:')]/following-sibling::XCUIElementTypeStaticText[1]</msg>
<arg>${COUNTER_LABEL_IOS}</arg>
<doc>Get element text (for hybrid and mobile browser use `xpath` locator, others might cause problem)</doc>
<status status="PASS" start="2024-10-04T16:29:03.270700" elapsed="0.273452"/>
</kw>
<msg time="2024-10-04T16:29:03.544357" level="INFO">${counter_value} = 3</msg>
<var>${counter_value}</var>
<arg>'${platform}' == 'android'</arg>
<arg>Get Text</arg>
<arg>${COUNTER_LABEL_ANDROID}</arg>
<arg>ELSE IF</arg>
<arg>'${platform}' == 'ios'</arg>
<arg>Get Text</arg>
<arg>${COUNTER_LABEL_IOS}</arg>
<doc>Runs the given keyword with the given arguments, if ``condition`` is true.</doc>
<status status="PASS" start="2024-10-04T16:29:03.269589" elapsed="0.275445"/>
</kw>
<return>
<value>${counter_value}</value>
<status status="PASS" start="2024-10-04T16:29:03.545443" elapsed="0.000310"/>
</return>
<msg time="2024-10-04T16:29:03.546094" level="INFO">${counter_value} = 3</msg>
<var>${counter_value}</var>
<arg>${platform}</arg>
<status status="PASS" start="2024-10-04T16:29:03.267907" elapsed="0.278405"/>
</kw>
<kw name="Convert To Integer" owner="BuiltIn">
<msg time="2024-10-04T16:29:03.547437" level="INFO">${int_counter_value} = 3</msg>
<var>${int_counter_value}</var>
<arg>${counter_value}</arg>
<doc>Converts the given item to an integer number.</doc>
<status status="PASS" start="2024-10-04T16:29:03.546696" elapsed="0.001130"/>
</kw>
<status status="PASS" start="2024-10-04T16:29:00.543651" elapsed="3.004280"/>
</iter>
<iter>
<kw name="Increment Counter" owner="CounterPage">
<kw name="Run Keyword If" owner="BuiltIn">
<arg>'${platform}' == 'android'</arg>
<arg>Click Element</arg>
<arg>${COUNTER_INCREMENT_ANDROID}</arg>
<doc>Runs the given keyword with the given arguments, if ``condition`` is true.</doc>
<status status="PASS" start="2024-10-04T16:29:03.548533" elapsed="0.000228"/>
</kw>
<kw name="Run Keyword If" owner="BuiltIn">
<kw name="Click Element" owner="AppiumLibrary">
<msg time="2024-10-04T16:29:03.551732" level="INFO">Clicking element 'xpath=//XCUIElementTypeButton[@name='Increment Counter']'.</msg>
<msg time="2024-10-04T16:29:04.147805" level="INFO">xpath criteria: //XCUIElementTypeButton[@name='Increment Counter']</msg>
<arg>${COUNTER_INCREMENT_IOS}</arg>
<doc>Click element identified by `locator`.</doc>
<status status="PASS" start="2024-10-04T16:29:03.549638" elapsed="0.599250"/>
</kw>
<arg>'${platform}' == 'ios'</arg>
<arg>Click Element</arg>
<arg>${COUNTER_INCREMENT_IOS}</arg>
<doc>Runs the given keyword with the given arguments, if ``condition`` is true.</doc>
<status status="PASS" start="2024-10-04T16:29:03.549199" elapsed="0.600947"/>
</kw>
<arg>${platform}</arg>
<status status="PASS" start="2024-10-04T16:29:03.548270" elapsed="0.602064"/>
</kw>
<kw name="Sleep" owner="BuiltIn">
<msg time="2024-10-04T16:29:06.159852" level="INFO">Slept 2 seconds.</msg>
<arg>2s</arg>
<doc>Pauses the test executed for the given time.</doc>
<status status="PASS" start="2024-10-04T16:29:04.151106" elapsed="2.009165"/>
</kw>
<kw name="Get Counter Value" owner="CounterPage">
<kw name="Run Keyword If" owner="BuiltIn">
<kw name="Get Text" owner="AppiumLibrary">
<msg time="2024-10-04T16:29:06.426755" level="INFO">Element 'xpath=//XCUIElementTypeStaticText[contains(@value, 'You have pushed the button this many times:')]/following-sibling::XCUIElementTypeStaticText[1]' text is '4' </msg>
<msg time="2024-10-04T16:29:06.427013" level="INFO">xpath criteria: //XCUIElementTypeStaticText[contains(@value, 'You have pushed the button this many times:')]/following-sibling::XCUIElementTypeStaticText[1]</msg>
<arg>${COUNTER_LABEL_IOS}</arg>
<doc>Get element text (for hybrid and mobile browser use `xpath` locator, others might cause problem)</doc>
<status status="PASS" start="2024-10-04T16:29:06.162265" elapsed="0.264840"/>
</kw>
<msg time="2024-10-04T16:29:06.427976" level="INFO">${counter_value} = 4</msg>
<var>${counter_value}</var>
<arg>'${platform}' == 'android'</arg>
<arg>Get Text</arg>
<arg>${COUNTER_LABEL_ANDROID}</arg>
<arg>ELSE IF</arg>
<arg>'${platform}' == 'ios'</arg>
<arg>Get Text</arg>
<arg>${COUNTER_LABEL_IOS}</arg>
<doc>Runs the given keyword with the given arguments, if ``condition`` is true.</doc>
<status status="PASS" start="2024-10-04T16:29:06.161896" elapsed="0.266146"/>
</kw>
<return>
<value>${counter_value}</value>
<status status="PASS" start="2024-10-04T16:29:06.428469" elapsed="0.006195"/>
</return>
<msg time="2024-10-04T16:29:06.435263" level="INFO">${counter_value} = 4</msg>
<var>${counter_value}</var>
<arg>${platform}</arg>
<status status="PASS" start="2024-10-04T16:29:06.161028" elapsed="0.275141"/>
</kw>
<kw name="Convert To Integer" owner="BuiltIn">
<msg time="2024-10-04T16:29:06.437578" level="INFO">${int_counter_value} = 4</msg>
<var>${int_counter_value}</var>
<arg>${counter_value}</arg>
<doc>Converts the given item to an integer number.</doc>
<status status="PASS" start="2024-10-04T16:29:06.436929" elapsed="0.000874"/>
</kw>
<status status="PASS" start="2024-10-04T16:29:03.547989" elapsed="2.890004"/>
</iter>
<iter>
<kw name="Increment Counter" owner="CounterPage">
<kw name="Run Keyword If" owner="BuiltIn">
<arg>'${platform}' == 'android'</arg>
<arg>Click Element</arg>
<arg>${COUNTER_INCREMENT_ANDROID}</arg>
<doc>Runs the given keyword with the given arguments, if ``condition`` is true.</doc>
<status status="PASS" start="2024-10-04T16:29:06.438898" elapsed="0.000174"/>
</kw>
<kw name="Run Keyword If" owner="BuiltIn">
<kw name="Click Element" owner="AppiumLibrary">
<msg time="2024-10-04T16:29:06.441363" level="INFO">Clicking element 'xpath=//XCUIElementTypeButton[@name='Increment Counter']'.</msg>
<msg time="2024-10-04T16:29:07.005026" level="INFO">xpath criteria: //XCUIElementTypeButton[@name='Increment Counter']</msg>
<arg>${COUNTER_INCREMENT_IOS}</arg>
<doc>Click element identified by `locator`.</doc>
<status status="PASS" start="2024-10-04T16:29:06.439337" elapsed="0.567654"/>
</kw>
<arg>'${platform}' == 'ios'</arg>
<arg>Click Element</arg>
<arg>${COUNTER_INCREMENT_IOS}</arg>
<doc>Runs the given keyword with the given arguments, if ``condition`` is true.</doc>
<status status="PASS" start="2024-10-04T16:29:06.439176" elapsed="0.568923"/>
</kw>
<arg>${platform}</arg>
<status status="PASS" start="2024-10-04T16:29:06.438597" elapsed="0.570216"/>
</kw>
<kw name="Sleep" owner="BuiltIn">
<msg time="2024-10-04T16:29:09.011696" level="INFO">Slept 2 seconds.</msg>
<arg>2s</arg>
<doc>Pauses the test executed for the given time.</doc>
<status status="PASS" start="2024-10-04T16:29:07.009293" elapsed="2.004615"/>
</kw>
<kw name="Get Counter Value" owner="CounterPage">
<kw name="Run Keyword If" owner="BuiltIn">
<kw name="Get Text" owner="AppiumLibrary">
<msg time="2024-10-04T16:29:09.205341" level="INFO">Element 'xpath=//XCUIElementTypeStaticText[contains(@value, 'You have pushed the button this many times:')]/following-sibling::XCUIElementTypeStaticText[1]' text is '5' </msg>
<msg time="2024-10-04T16:29:09.205643" level="INFO">xpath criteria: //XCUIElementTypeStaticText[contains(@value, 'You have pushed the button this many times:')]/following-sibling::XCUIElementTypeStaticText[1]</msg>
<arg>${COUNTER_LABEL_IOS}</arg>
<doc>Get element text (for hybrid and mobile browser use `xpath` locator, others might cause problem)</doc>
<status status="PASS" start="2024-10-04T16:29:09.017715" elapsed="0.188005"/>
</kw>
<msg time="2024-10-04T16:29:09.205891" level="INFO">${counter_value} = 5</msg>
<var>${counter_value}</var>
<arg>'${platform}' == 'android'</arg>
<arg>Get Text</arg>
<arg>${COUNTER_LABEL_ANDROID}</arg>
<arg>ELSE IF</arg>
<arg>'${platform}' == 'ios'</arg>
<arg>Get Text</arg>
<arg>${COUNTER_LABEL_IOS}</arg>
<doc>Runs the given keyword with the given arguments, if ``condition`` is true.</doc>
<status status="PASS" start="2024-10-04T16:29:09.017297" elapsed="0.188639"/>
</kw>
<return>
<value>${counter_value}</value>
<status status="PASS" start="2024-10-04T16:29:09.206023" elapsed="0.000104"/>
</return>
<msg time="2024-10-04T16:29:09.206365" level="INFO">${counter_value} = 5</msg>
<var>${counter_value}</var>
<arg>${platform}</arg>
<status status="PASS" start="2024-10-04T16:29:09.015945" elapsed="0.190653"/>
</kw>
<kw name="Convert To Integer" owner="BuiltIn">
<msg time="2024-10-04T16:29:09.207519" level="INFO">${int_counter_value} = 5</msg>
<var>${int_counter_value}</var>
<arg>${counter_value}</arg>
<doc>Converts the given item to an integer number.</doc>
<status status="PASS" start="2024-10-04T16:29:09.206981" elapsed="0.000866"/>
</kw>
<status status="PASS" start="2024-10-04T16:29:06.438051" elapsed="2.770010"/>
</iter>
<status status="PASS" start="2024-10-04T16:28:55.051370" elapsed="14.157116"/>
</while>
<return>
<value>${counter_value}</value>
<status status="PASS" start="2024-10-04T16:29:09.208602" elapsed="0.000206"/>
</return>
<arg>ios</arg>
<arg>5</arg>
<status status="PASS" start="2024-10-04T16:28:53.103163" elapsed="16.105862"/>
</kw>
<kw name="Counter Back" owner="CounterPage">
<kw name="Run Keyword If" owner="BuiltIn">
<arg>'${platform}' == 'android'</arg>
<arg>Click Element</arg>
<arg>${BACK_BUTTON_ANDROID}</arg>
<doc>Runs the given keyword with the given arguments, if ``condition`` is true.</doc>
<status status="PASS" start="2024-10-04T16:29:09.210645" elapsed="0.000231"/>
</kw>
<kw name="Run Keyword If" owner="BuiltIn">
<kw name="Click Element" owner="AppiumLibrary">
<msg time="2024-10-04T16:29:09.214328" level="INFO">Clicking element 'xpath=//XCUIElementTypeButton[@name='Back']'.</msg>
<msg time="2024-10-04T16:29:09.941630" level="INFO">xpath criteria: //XCUIElementTypeButton[@name='Back']</msg>
<arg>${BACK_BUTTON_IOS}</arg>
<doc>Click element identified by `locator`.</doc>
<status status="PASS" start="2024-10-04T16:29:09.212333" elapsed="0.730576"/>
</kw>
<arg>'${platform}' == 'ios'</arg>
<arg>Click Element</arg>
<arg>${BACK_BUTTON_IOS}</arg>
<doc>Runs the given keyword with the given arguments, if ``condition`` is true.</doc>
<status status="PASS" start="2024-10-04T16:29:09.211348" elapsed="0.732111"/>
</kw>
<arg>ios</arg>
<status status="PASS" start="2024-10-04T16:29:09.209774" elapsed="0.734922"/>
</kw>
<kw name="Sleep" owner="BuiltIn">
<msg time="2024-10-04T16:29:11.947271" level="INFO">Slept 2 seconds.</msg>
<arg>2s</arg>
<doc>Pauses the test executed for the given time.</doc>
<status status="PASS" start="2024-10-04T16:29:09.945391" elapsed="2.002403"/>
</kw>
<kw name="Open Demo Scroll Screen" owner="HomePage">
<kw name="Run Keyword If" owner="BuiltIn">
<arg>'${platform}' == 'android'</arg>
<arg>Click Element</arg>
<arg>${OPEN_DEMO_SCROOL_SCREEN_BUTTON_ANDROID}</arg>
<doc>Runs the given keyword with the given arguments, if ``condition`` is true.</doc>
<status status="PASS" start="2024-10-04T16:29:11.949862" elapsed="0.000618"/>
</kw>
<kw name="Run Keyword If" owner="BuiltIn">
<kw name="Click Element" owner="AppiumLibrary">
<msg time="2024-10-04T16:29:11.954792" level="INFO">Clicking element 'xpath=//XCUIElementTypeButton[@name="Go to Demo Scroll"]'.</msg>
<msg time="2024-10-04T16:29:12.488252" level="INFO">xpath criteria: //XCUIElementTypeButton[@name="Go to Demo Scroll"]</msg>
<arg>${OPEN_DEMO_SCROOL_SCREEN_BUTTON_IOS}</arg>
<doc>Click element identified by `locator`.</doc>
<status status="PASS" start="2024-10-04T16:29:11.950931" elapsed="0.541413"/>
</kw>
<arg>'${platform}' == 'ios'</arg>
<arg>Click Element</arg>
<arg>${OPEN_DEMO_SCROOL_SCREEN_BUTTON_IOS}</arg>
<doc>Runs the given keyword with the given arguments, if ``condition`` is true.</doc>
<status status="PASS" start="2024-10-04T16:29:11.950660" elapsed="0.542856"/>
</kw>
<arg>ios</arg>
<status status="PASS" start="2024-10-04T16:29:11.948784" elapsed="0.545263"/>
</kw>
<kw name="Run Test Scroll" owner="ScroollPage">
<kw name="Scroll Up" owner="ScroollPage">
<kw name="Run Keyword If" owner="BuiltIn">
<arg>'${platform}' == 'android'</arg>
<arg>Scroll Up</arg>
<arg>${SCROLL_VIEW_ANDROID}</arg>
<doc>Runs the given keyword with the given arguments, if ``condition`` is true.</doc>
<status status="PASS" start="2024-10-04T16:29:12.512455" elapsed="0.005739"/>
</kw>
<kw name="Run Keyword If" owner="BuiltIn">
<kw name="Scroll Up" owner="ScroollPage">
<kw name="Run Keyword If" owner="BuiltIn">
<arg>'${platform}' == 'android'</arg>
<arg>Scroll Up</arg>
<arg>${SCROLL_VIEW_ANDROID}</arg>
<doc>Runs the given keyword with the given arguments, if ``condition`` is true.</doc>
<status status="PASS" start="2024-10-04T16:29:12.520234" elapsed="0.006011"/>
</kw>
<kw name="Run Keyword If" owner="BuiltIn">
<arg>'${platform}' == 'ios'</arg>
<arg>Scroll Up</arg>
<arg>${SCROLL_VIEW_IOS}</arg>
<doc>Runs the given keyword with the given arguments, if ``condition`` is true.</doc>
<status status="PASS" start="2024-10-04T16:29:12.526519" elapsed="0.000615"/>
</kw>
<arg>${SCROLL_VIEW_IOS}</arg>
<status status="PASS" start="2024-10-04T16:29:12.519590" elapsed="0.007843"/>
</kw>
<arg>'${platform}' == 'ios'</arg>
<arg>Scroll Up</arg>
<arg>${SCROLL_VIEW_IOS}</arg>
<doc>Runs the given keyword with the given arguments, if ``condition`` is true.</doc>
<status status="PASS" start="2024-10-04T16:29:12.518522" elapsed="0.009074"/>
</kw>
<arg>${platform}</arg>
<status status="PASS" start="2024-10-04T16:29:12.496137" elapsed="0.031639"/>
</kw>
<kw name="Sleep" owner="BuiltIn">
<msg time="2024-10-04T16:29:14.530857" level="INFO">Slept 2 seconds.</msg>
<arg>2s</arg>
<doc>Pauses the test executed for the given time.</doc>
<status status="PASS" start="2024-10-04T16:29:12.528053" elapsed="2.004990"/>
</kw>
<kw name="Scroll Down" owner="ScroollPage">
<kw name="Run Keyword If" owner="BuiltIn">
<arg>'${platform}' == 'android'</arg>
<arg>Scroll Down</arg>
<arg>${SCROLL_VIEW_ANDROID}</arg>
<doc>Runs the given keyword with the given arguments, if ``condition`` is true.</doc>
<status status="PASS" start="2024-10-04T16:29:14.535920" elapsed="0.000636"/>
</kw>
<kw name="Run Keyword If" owner="BuiltIn">
<kw name="Scroll Down" owner="ScroollPage">
<kw name="Run Keyword If" owner="BuiltIn">
<arg>'${platform}' == 'android'</arg>
<arg>Scroll Down</arg>
<arg>${SCROLL_VIEW_ANDROID}</arg>
<doc>Runs the given keyword with the given arguments, if ``condition`` is true.</doc>
<status status="PASS" start="2024-10-04T16:29:14.538800" elapsed="0.000159"/>
</kw>
<kw name="Run Keyword If" owner="BuiltIn">
<arg>'${platform}' == 'ios'</arg>
<arg>Scroll Down</arg>
<arg>${SCROLL_VIEW_IOS}</arg>
<doc>Runs the given keyword with the given arguments, if ``condition`` is true.</doc>
<status status="PASS" start="2024-10-04T16:29:14.539183" elapsed="0.000130"/>
</kw>
<arg>${SCROLL_VIEW_IOS}</arg>
<status status="PASS" start="2024-10-04T16:29:14.538340" elapsed="0.001081"/>
</kw>
<arg>'${platform}' == 'ios'</arg>
<arg>Scroll Down</arg>
<arg>${SCROLL_VIEW_IOS}</arg>
<doc>Runs the given keyword with the given arguments, if ``condition`` is true.</doc>
<status status="PASS" start="2024-10-04T16:29:14.537486" elapsed="0.003651"/>
</kw>
<arg>${platform}</arg>
<status status="PASS" start="2024-10-04T16:29:14.534396" elapsed="0.006826"/>
</kw>
<kw name="Sleep" owner="BuiltIn">
<msg time="2024-10-04T16:29:16.546010" level="INFO">Slept 2 seconds.</msg>
<arg>2s</arg>
<doc>Pauses the test executed for the given time.</doc>
<status status="PASS" start="2024-10-04T16:29:14.541344" elapsed="2.005208"/>
</kw>
<arg>ios</arg>
<status status="PASS" start="2024-10-04T16:29:12.494924" elapsed="4.051970"/>
</kw>
<kw name="Sleep" owner="BuiltIn">
<msg time="2024-10-04T16:29:18.550456" level="INFO">Slept 2 seconds.</msg>
<arg>2s</arg>
<doc>Pauses the test executed for the given time.</doc>
<status status="PASS" start="2024-10-04T16:29:16.547606" elapsed="2.005225"/>
</kw>
<kw name="Scoll Back" owner="ScroollPage">
<kw name="Run Keyword If" owner="BuiltIn">
<arg>'${platform}' == 'android'</arg>
<arg>Click Element</arg>
<arg>${BACK_BUTTON_ANDROID}</arg>
<doc>Runs the given keyword with the given arguments, if ``condition`` is true.</doc>
<status status="PASS" start="2024-10-04T16:29:18.555481" elapsed="0.000287"/>
</kw>
<kw name="Run Keyword If" owner="BuiltIn">
<kw name="Click Element" owner="AppiumLibrary">
<msg time="2024-10-04T16:29:18.559582" level="INFO">Clicking element 'xpath=//XCUIElementTypeButton[@name='Back']'.</msg>
<msg time="2024-10-04T16:29:19.269697" level="INFO">xpath criteria: //XCUIElementTypeButton[@name='Back']</msg>
<arg>${BACK_BUTTON_IOS}</arg>
<doc>Click element identified by `locator`.</doc>
<status status="PASS" start="2024-10-04T16:29:18.556474" elapsed="0.735103"/>
</kw>
<arg>'${platform}' == 'ios'</arg>
<arg>Click Element</arg>
<arg>${BACK_BUTTON_IOS}</arg>
<doc>Runs the given keyword with the given arguments, if ``condition`` is true.</doc>
<status status="PASS" start="2024-10-04T16:29:18.555877" elapsed="0.737808"/>
</kw>
<arg>ios</arg>
<status status="PASS" start="2024-10-04T16:29:18.554772" elapsed="0.739326"/>
</kw>
<kw name="Close Application" owner="AppiumLibrary">
<doc>Closes the current application and also close webdriver session.</doc>
<status status="PASS" start="2024-10-04T16:29:19.295512" elapsed="1.191376"/>
</kw>
<status status="PASS" start="2024-10-04T16:28:30.349572" elapsed="50.137987"/>
</test>
<status status="PASS" start="2024-10-04T16:28:29.799713" elapsed="50.688546"/>
</suite>
<status status="PASS" start="2024-10-04T16:28:29.798577" elapsed="50.690314"/>
</suite>
<status status="PASS" start="2024-10-04T16:28:29.586394" elapsed="50.902815"/>
</suite>
<statistics>
<total>
<stat pass="1" fail="0" skip="0">All Tests</stat>
</total>
<tag>
</tag>
<suite>
<stat pass="1" fail="0" skip="0" id="s1" name="DemoRobotFramework">DemoRobotFramework</stat>
<stat pass="1" fail="0" skip="0" id="s1-s1" name="TestCase">DemoRobotFramework.TestCase</stat>
<stat pass="1" fail="0" skip="0" id="s1-s1-s1" name="AppTestCase">DemoRobotFramework.TestCase.AppTestCase</stat>
</suite>
</statistics>
<errors>
<msg time="2024-10-04T16:28:55.050905" level="WARN">hello 0</msg>
</errors>
</robot>
